<?xml version="1.0" encoding="UTF-8"?>
<!-- Generated by org.testng.reporters.JUnitXMLReporter -->
<testsuite hostname="LAPTOP-D47N5MN1" ignored="0" name="Command line test" tests="1" failures="0" timestamp="07 Jul 2018 09:54:21 GMT" time="0.091" errors="0">
  <testcase name="@BeforeMethod setCapabilities" time="0.0" classname="AppiumMaven.AppiumM.AppTest">
    <failure type="org.testng.TestNGException" message="
Parameter &amp;apos;UDID&amp;apos; is required by BeforeMethod on method setCapabilities but has not been marked @Optional or defined
">
      <![CDATA[org.testng.TestNGException: 
Parameter 'UDID' is required by BeforeMethod on method setCapabilities but has not been marked @Optional or defined

... Removed 34 stack frames]]>
    </failure>
  </testcase> <!-- @BeforeMethod setCapabilities -->
  <testcase name="@AfterMethod quitDriver" time="0.0" classname="AppiumMaven.AppiumM.AppTest">
    <skipped/>
  </testcase> <!-- @AfterMethod quitDriver -->
  <testcase name="Test1" time="0.0" classname="AppiumMaven.AppiumM.AppTest">
    <skipped/>
  </testcase> <!-- Test1 -->
</testsuite> <!-- Command line test -->
