<?xml version="1.0" encoding="UTF-8"?>
<testng-results skipped="2" failed="0" ignored="0" total="2" passed="0">
  <reporter-output>
  </reporter-output>
  <suite name="Suite" duration-ms="68716" started-at="2018-07-09T06:56:55Z" finished-at="2018-07-09T06:58:04Z">
    <groups>
    </groups>
    <test name="Test1" duration-ms="27971" started-at="2018-07-09T06:56:55Z" finished-at="2018-07-09T06:57:23Z">
      <class name="AppiumMaven.AppiumM.AppTest">
        <test-method status="FAIL" signature="setCapabilities(java.lang.String, int)[pri:0, instance:AppiumMaven.AppiumM.AppTest@31ef45e3]" name="setCapabilities" is-config="true" duration-ms="27908" started-at="2018-07-09T12:26:55Z" finished-at="2018-07-09T12:27:23Z">
          <params>
            <param index="0">
              <value>
                <![CDATA[HNB33U0D]]>
              </value>
            </param>
            <param index="1">
              <value>
                <![CDATA[4723]]>
              </value>
            </param>
          </params>
          <exception class="org.openqa.selenium.WebDriverException">
            <message>
              <![CDATA[java.net.SocketException: Connection resetBuild info: version: '3.6.0', revision: '6fbf3ec767', time: '2017-09-27T15:28:36.4Z'System info: host: 'LAPTOP-D47N5MN1', ip: '127.0.0.1', os.name: 'Windows 10', os.arch: 'amd64', os.version: '10.0', java.version: '1.8.0_131'Driver info: driver.version: AndroidDriver]]>
            </message>
            <full-stacktrace>
              <![CDATA[org.openqa.selenium.WebDriverException: java.net.SocketException: Connection resetBuild info: version: '3.6.0', revision: '6fbf3ec767', time: '2017-09-27T15:28:36.4Z'System info: host: 'LAPTOP-D47N5MN1', ip: '127.0.0.1', os.name: 'Windows 10', os.arch: 'amd64', os.version: '10.0', java.version: '1.8.0_131'Driver info: driver.version: AndroidDriverat io.appium.java_client.remote.AppiumCommandExecutor.execute(AppiumCommandExecutor.java:104)at org.openqa.selenium.remote.RemoteWebDriver.execute(RemoteWebDriver.java:586)at io.appium.java_client.DefaultGenericMobileDriver.execute(DefaultGenericMobileDriver.java:42)at io.appium.java_client.AppiumDriver.execute(AppiumDriver.java:1)at io.appium.java_client.android.AndroidDriver.execute(AndroidDriver.java:1)at org.openqa.selenium.remote.RemoteWebDriver.startSession(RemoteWebDriver.java:217)at org.openqa.selenium.remote.RemoteWebDriver.<init>(RemoteWebDriver.java:140)at io.appium.java_client.DefaultGenericMobileDriver.<init>(DefaultGenericMobileDriver.java:38)at io.appium.java_client.AppiumDriver.<init>(AppiumDriver.java:83)at io.appium.java_client.AppiumDriver.<init>(AppiumDriver.java:93)at io.appium.java_client.android.AndroidDriver.<init>(AndroidDriver.java:72)at AppiumMaven.AppiumM.AppTest.setCapabilities(AppTest.java:72)at sun.reflect.NativeMethodAccessorImpl.invoke0(Native Method)at sun.reflect.NativeMethodAccessorImpl.invoke(NativeMethodAccessorImpl.java:62)at sun.reflect.DelegatingMethodAccessorImpl.invoke(DelegatingMethodAccessorImpl.java:43)at java.lang.reflect.Method.invoke(Method.java:498)at org.testng.internal.MethodInvocationHelper.invokeMethod(MethodInvocationHelper.java:124)at org.testng.internal.MethodInvocationHelper.invokeMethodConsideringTimeout(MethodInvocationHelper.java:59)at org.testng.internal.Invoker.invokeConfigurationMethod(Invoker.java:451)at org.testng.internal.Invoker.invokeConfigurations(Invoker.java:222)at org.testng.internal.Invoker.invokeMethod(Invoker.java:516)at org.testng.internal.Invoker.invokeTestMethod(Invoker.java:707)at org.testng.internal.Invoker.invokeTestMethods(Invoker.java:979)at org.testng.internal.TestMethodWorker.invokeTestMethods(TestMethodWorker.java:125)at org.testng.internal.TestMethodWorker.run(TestMethodWorker.java:109)at org.testng.TestRunner.privateRun(TestRunner.java:648)at org.testng.TestRunner.run(TestRunner.java:505)at org.testng.SuiteRunner.runTest(SuiteRunner.java:455)at org.testng.SuiteRunner.runSequentially(SuiteRunner.java:450)at org.testng.SuiteRunner.privateRun(SuiteRunner.java:415)at org.testng.SuiteRunner.run(SuiteRunner.java:364)at org.testng.SuiteRunnerWorker.runSuite(SuiteRunnerWorker.java:52)at org.testng.SuiteRunnerWorker.run(SuiteRunnerWorker.java:84)at org.testng.TestNG.runSuitesSequentially(TestNG.java:1187)at org.testng.TestNG.runSuitesLocally(TestNG.java:1116)at org.testng.TestNG.runSuites(TestNG.java:1028)at org.testng.TestNG.run(TestNG.java:996)at org.testng.remote.AbstractRemoteTestNG.run(AbstractRemoteTestNG.java:114)at org.testng.remote.RemoteTestNG.initAndRun(RemoteTestNG.java:251)at org.testng.remote.RemoteTestNG.main(RemoteTestNG.java:77)Caused by: java.net.SocketException: Connection resetat java.net.SocketInputStream.read(SocketInputStream.java:210)at java.net.SocketInputStream.read(SocketInputStream.java:141)at org.apache.http.impl.io.SessionInputBufferImpl.streamRead(SessionInputBufferImpl.java:137)at org.apache.http.impl.io.SessionInputBufferImpl.fillBuffer(SessionInputBufferImpl.java:153)at org.apache.http.impl.io.SessionInputBufferImpl.readLine(SessionInputBufferImpl.java:282)at org.apache.http.impl.conn.DefaultHttpResponseParser.parseHead(DefaultHttpResponseParser.java:138)at org.apache.http.impl.conn.DefaultHttpResponseParser.parseHead(DefaultHttpResponseParser.java:56)at org.apache.http.impl.io.AbstractMessageParser.parse(AbstractMessageParser.java:259)at org.apache.http.impl.DefaultBHttpClientConnection.receiveResponseHeader(DefaultBHttpClientConnection.java:163)at org.apache.http.impl.conn.CPoolProxy.receiveResponseHeader(CPoolProxy.java:165)at org.apache.http.protocol.HttpRequestExecutor.doReceiveResponse(HttpRequestExecutor.java:273)at org.apache.http.protocol.HttpRequestExecutor.execute(HttpRequestExecutor.java:125)at org.apache.http.impl.execchain.MainClientExec.execute(MainClientExec.java:272)at org.apache.http.impl.execchain.ProtocolExec.execute(ProtocolExec.java:185)at org.apache.http.impl.execchain.RetryExec.execute(RetryExec.java:89)at org.apache.http.impl.execchain.RedirectExec.execute(RedirectExec.java:111)at org.apache.http.impl.client.InternalHttpClient.doExecute(InternalHttpClient.java:185)at org.apache.http.impl.client.CloseableHttpClient.execute(CloseableHttpClient.java:72)at org.apache.http.impl.client.CloseableHttpClient.execute(CloseableHttpClient.java:56)at org.openqa.selenium.remote.internal.ApacheHttpClient.fallBackExecute(ApacheHttpClient.java:138)at org.openqa.selenium.remote.internal.ApacheHttpClient.execute(ApacheHttpClient.java:86)at org.openqa.selenium.remote.ProtocolHandshake.createSession(ProtocolHandshake.java:337)at org.openqa.selenium.remote.ProtocolHandshake.createSession(ProtocolHandshake.java:136)at org.openqa.selenium.remote.HttpCommandExecutor.execute(HttpCommandExecutor.java:142)at io.appium.java_client.remote.AppiumCommandExecutor.execute(AppiumCommandExecutor.java:89)... 39 more]]>
            </full-stacktrace>
          </exception> <!-- org.openqa.selenium.WebDriverException -->
          <reporter-output>
          </reporter-output>
        </test-method> <!-- setCapabilities -->
        <test-method status="SKIP" signature="quitDriver(org.testng.ITestResult, java.lang.String)[pri:0, instance:AppiumMaven.AppiumM.AppTest@31ef45e3]" name="quitDriver" is-config="true" duration-ms="0" started-at="2018-07-09T12:27:23Z" finished-at="2018-07-09T12:27:23Z">
          <reporter-output>
          </reporter-output>
        </test-method> <!-- quitDriver -->
        <test-method status="SKIP" signature="Test1(java.lang.String)[pri:0, instance:AppiumMaven.AppiumM.AppTest@31ef45e3]" name="Test1" duration-ms="0" started-at="2018-07-09T12:27:23Z" finished-at="2018-07-09T12:27:23Z">
          <exception class="org.openqa.selenium.WebDriverException">
            <message>
              <![CDATA[java.net.SocketException: Connection resetBuild info: version: '3.6.0', revision: '6fbf3ec767', time: '2017-09-27T15:28:36.4Z'System info: host: 'LAPTOP-D47N5MN1', ip: '127.0.0.1', os.name: 'Windows 10', os.arch: 'amd64', os.version: '10.0', java.version: '1.8.0_131'Driver info: driver.version: AndroidDriver]]>
            </message>
            <full-stacktrace>
              <![CDATA[org.openqa.selenium.WebDriverException: java.net.SocketException: Connection resetBuild info: version: '3.6.0', revision: '6fbf3ec767', time: '2017-09-27T15:28:36.4Z'System info: host: 'LAPTOP-D47N5MN1', ip: '127.0.0.1', os.name: 'Windows 10', os.arch: 'amd64', os.version: '10.0', java.version: '1.8.0_131'Driver info: driver.version: AndroidDriverat io.appium.java_client.remote.AppiumCommandExecutor.execute(AppiumCommandExecutor.java:104)at org.openqa.selenium.remote.RemoteWebDriver.execute(RemoteWebDriver.java:586)at io.appium.java_client.DefaultGenericMobileDriver.execute(DefaultGenericMobileDriver.java:42)at io.appium.java_client.AppiumDriver.execute(AppiumDriver.java:1)at io.appium.java_client.android.AndroidDriver.execute(AndroidDriver.java:1)at org.openqa.selenium.remote.RemoteWebDriver.startSession(RemoteWebDriver.java:217)at org.openqa.selenium.remote.RemoteWebDriver.<init>(RemoteWebDriver.java:140)at io.appium.java_client.DefaultGenericMobileDriver.<init>(DefaultGenericMobileDriver.java:38)at io.appium.java_client.AppiumDriver.<init>(AppiumDriver.java:83)at io.appium.java_client.AppiumDriver.<init>(AppiumDriver.java:93)at io.appium.java_client.android.AndroidDriver.<init>(AndroidDriver.java:72)at AppiumMaven.AppiumM.AppTest.setCapabilities(AppTest.java:72)at sun.reflect.NativeMethodAccessorImpl.invoke0(Native Method)at sun.reflect.NativeMethodAccessorImpl.invoke(NativeMethodAccessorImpl.java:62)at sun.reflect.DelegatingMethodAccessorImpl.invoke(DelegatingMethodAccessorImpl.java:43)at java.lang.reflect.Method.invoke(Method.java:498)at org.testng.internal.MethodInvocationHelper.invokeMethod(MethodInvocationHelper.java:124)at org.testng.internal.MethodInvocationHelper.invokeMethodConsideringTimeout(MethodInvocationHelper.java:59)at org.testng.internal.Invoker.invokeConfigurationMethod(Invoker.java:451)at org.testng.internal.Invoker.invokeConfigurations(Invoker.java:222)at org.testng.internal.Invoker.invokeMethod(Invoker.java:516)at org.testng.internal.Invoker.invokeTestMethod(Invoker.java:707)at org.testng.internal.Invoker.invokeTestMethods(Invoker.java:979)at org.testng.internal.TestMethodWorker.invokeTestMethods(TestMethodWorker.java:125)at org.testng.internal.TestMethodWorker.run(TestMethodWorker.java:109)at org.testng.TestRunner.privateRun(TestRunner.java:648)at org.testng.TestRunner.run(TestRunner.java:505)at org.testng.SuiteRunner.runTest(SuiteRunner.java:455)at org.testng.SuiteRunner.runSequentially(SuiteRunner.java:450)at org.testng.SuiteRunner.privateRun(SuiteRunner.java:415)at org.testng.SuiteRunner.run(SuiteRunner.java:364)at org.testng.SuiteRunnerWorker.runSuite(SuiteRunnerWorker.java:52)at org.testng.SuiteRunnerWorker.run(SuiteRunnerWorker.java:84)at org.testng.TestNG.runSuitesSequentially(TestNG.java:1187)at org.testng.TestNG.runSuitesLocally(TestNG.java:1116)at org.testng.TestNG.runSuites(TestNG.java:1028)at org.testng.TestNG.run(TestNG.java:996)at org.testng.remote.AbstractRemoteTestNG.run(AbstractRemoteTestNG.java:114)at org.testng.remote.RemoteTestNG.initAndRun(RemoteTestNG.java:251)at org.testng.remote.RemoteTestNG.main(RemoteTestNG.java:77)Caused by: java.net.SocketException: Connection resetat java.net.SocketInputStream.read(SocketInputStream.java:210)at java.net.SocketInputStream.read(SocketInputStream.java:141)at org.apache.http.impl.io.SessionInputBufferImpl.streamRead(SessionInputBufferImpl.java:137)at org.apache.http.impl.io.SessionInputBufferImpl.fillBuffer(SessionInputBufferImpl.java:153)at org.apache.http.impl.io.SessionInputBufferImpl.readLine(SessionInputBufferImpl.java:282)at org.apache.http.impl.conn.DefaultHttpResponseParser.parseHead(DefaultHttpResponseParser.java:138)at org.apache.http.impl.conn.DefaultHttpResponseParser.parseHead(DefaultHttpResponseParser.java:56)at org.apache.http.impl.io.AbstractMessageParser.parse(AbstractMessageParser.java:259)at org.apache.http.impl.DefaultBHttpClientConnection.receiveResponseHeader(DefaultBHttpClientConnection.java:163)at org.apache.http.impl.conn.CPoolProxy.receiveResponseHeader(CPoolProxy.java:165)at org.apache.http.protocol.HttpRequestExecutor.doReceiveResponse(HttpRequestExecutor.java:273)at org.apache.http.protocol.HttpRequestExecutor.execute(HttpRequestExecutor.java:125)at org.apache.http.impl.execchain.MainClientExec.execute(MainClientExec.java:272)at org.apache.http.impl.execchain.ProtocolExec.execute(ProtocolExec.java:185)at org.apache.http.impl.execchain.RetryExec.execute(RetryExec.java:89)at org.apache.http.impl.execchain.RedirectExec.execute(RedirectExec.java:111)at org.apache.http.impl.client.InternalHttpClient.doExecute(InternalHttpClient.java:185)at org.apache.http.impl.client.CloseableHttpClient.execute(CloseableHttpClient.java:72)at org.apache.http.impl.client.CloseableHttpClient.execute(CloseableHttpClient.java:56)at org.openqa.selenium.remote.internal.ApacheHttpClient.fallBackExecute(ApacheHttpClient.java:138)at org.openqa.selenium.remote.internal.ApacheHttpClient.execute(ApacheHttpClient.java:86)at org.openqa.selenium.remote.ProtocolHandshake.createSession(ProtocolHandshake.java:337)at org.openqa.selenium.remote.ProtocolHandshake.createSession(ProtocolHandshake.java:136)at org.openqa.selenium.remote.HttpCommandExecutor.execute(HttpCommandExecutor.java:142)at io.appium.java_client.remote.AppiumCommandExecutor.execute(AppiumCommandExecutor.java:89)... 39 more]]>
            </full-stacktrace>
          </exception> <!-- org.openqa.selenium.WebDriverException -->
          <reporter-output>
          </reporter-output>
        </test-method> <!-- Test1 -->
      </class> <!-- AppiumMaven.AppiumM.AppTest -->
    </test> <!-- Test1 -->
    <test name="Test2" duration-ms="40699" started-at="2018-07-09T06:57:23Z" finished-at="2018-07-09T06:58:04Z">
      <class name="AppiumMaven.AppiumM.AppTest">
        <test-method status="FAIL" signature="setCapabilities(java.lang.String, int)[pri:0, instance:AppiumMaven.AppiumM.AppTest@5702b3b1]" name="setCapabilities" is-config="true" duration-ms="40667" started-at="2018-07-09T12:27:23Z" finished-at="2018-07-09T12:28:04Z">
          <params>
            <param index="0">
              <value>
                <![CDATA[4100a7d5e40fb135]]>
              </value>
            </param>
            <param index="1">
              <value>
                <![CDATA[1234]]>
              </value>
            </param>
          </params>
          <exception class="org.openqa.selenium.WebDriverException">
            <message>
              <![CDATA[java.net.SocketException: Connection resetBuild info: version: '3.6.0', revision: '6fbf3ec767', time: '2017-09-27T15:28:36.4Z'System info: host: 'LAPTOP-D47N5MN1', ip: '127.0.0.1', os.name: 'Windows 10', os.arch: 'amd64', os.version: '10.0', java.version: '1.8.0_131'Driver info: driver.version: AndroidDriver]]>
            </message>
            <full-stacktrace>
              <![CDATA[org.openqa.selenium.WebDriverException: java.net.SocketException: Connection resetBuild info: version: '3.6.0', revision: '6fbf3ec767', time: '2017-09-27T15:28:36.4Z'System info: host: 'LAPTOP-D47N5MN1', ip: '127.0.0.1', os.name: 'Windows 10', os.arch: 'amd64', os.version: '10.0', java.version: '1.8.0_131'Driver info: driver.version: AndroidDriverat io.appium.java_client.remote.AppiumCommandExecutor.execute(AppiumCommandExecutor.java:104)at org.openqa.selenium.remote.RemoteWebDriver.execute(RemoteWebDriver.java:586)at io.appium.java_client.DefaultGenericMobileDriver.execute(DefaultGenericMobileDriver.java:42)at io.appium.java_client.AppiumDriver.execute(AppiumDriver.java:1)at io.appium.java_client.android.AndroidDriver.execute(AndroidDriver.java:1)at org.openqa.selenium.remote.RemoteWebDriver.startSession(RemoteWebDriver.java:217)at org.openqa.selenium.remote.RemoteWebDriver.<init>(RemoteWebDriver.java:140)at io.appium.java_client.DefaultGenericMobileDriver.<init>(DefaultGenericMobileDriver.java:38)at io.appium.java_client.AppiumDriver.<init>(AppiumDriver.java:83)at io.appium.java_client.AppiumDriver.<init>(AppiumDriver.java:93)at io.appium.java_client.android.AndroidDriver.<init>(AndroidDriver.java:72)at AppiumMaven.AppiumM.AppTest.setCapabilities(AppTest.java:72)at sun.reflect.NativeMethodAccessorImpl.invoke0(Native Method)at sun.reflect.NativeMethodAccessorImpl.invoke(NativeMethodAccessorImpl.java:62)at sun.reflect.DelegatingMethodAccessorImpl.invoke(DelegatingMethodAccessorImpl.java:43)at java.lang.reflect.Method.invoke(Method.java:498)at org.testng.internal.MethodInvocationHelper.invokeMethod(MethodInvocationHelper.java:124)at org.testng.internal.MethodInvocationHelper.invokeMethodConsideringTimeout(MethodInvocationHelper.java:59)at org.testng.internal.Invoker.invokeConfigurationMethod(Invoker.java:451)at org.testng.internal.Invoker.invokeConfigurations(Invoker.java:222)at org.testng.internal.Invoker.invokeMethod(Invoker.java:516)at org.testng.internal.Invoker.invokeTestMethod(Invoker.java:707)at org.testng.internal.Invoker.invokeTestMethods(Invoker.java:979)at org.testng.internal.TestMethodWorker.invokeTestMethods(TestMethodWorker.java:125)at org.testng.internal.TestMethodWorker.run(TestMethodWorker.java:109)at org.testng.TestRunner.privateRun(TestRunner.java:648)at org.testng.TestRunner.run(TestRunner.java:505)at org.testng.SuiteRunner.runTest(SuiteRunner.java:455)at org.testng.SuiteRunner.runSequentially(SuiteRunner.java:450)at org.testng.SuiteRunner.privateRun(SuiteRunner.java:415)at org.testng.SuiteRunner.run(SuiteRunner.java:364)at org.testng.SuiteRunnerWorker.runSuite(SuiteRunnerWorker.java:52)at org.testng.SuiteRunnerWorker.run(SuiteRunnerWorker.java:84)at org.testng.TestNG.runSuitesSequentially(TestNG.java:1187)at org.testng.TestNG.runSuitesLocally(TestNG.java:1116)at org.testng.TestNG.runSuites(TestNG.java:1028)at org.testng.TestNG.run(TestNG.java:996)at org.testng.remote.AbstractRemoteTestNG.run(AbstractRemoteTestNG.java:114)at org.testng.remote.RemoteTestNG.initAndRun(RemoteTestNG.java:251)at org.testng.remote.RemoteTestNG.main(RemoteTestNG.java:77)Caused by: java.net.SocketException: Connection resetat java.net.SocketInputStream.read(SocketInputStream.java:210)at java.net.SocketInputStream.read(SocketInputStream.java:141)at org.apache.http.impl.io.SessionInputBufferImpl.streamRead(SessionInputBufferImpl.java:137)at org.apache.http.impl.io.SessionInputBufferImpl.fillBuffer(SessionInputBufferImpl.java:153)at org.apache.http.impl.io.SessionInputBufferImpl.readLine(SessionInputBufferImpl.java:282)at org.apache.http.impl.conn.DefaultHttpResponseParser.parseHead(DefaultHttpResponseParser.java:138)at org.apache.http.impl.conn.DefaultHttpResponseParser.parseHead(DefaultHttpResponseParser.java:56)at org.apache.http.impl.io.AbstractMessageParser.parse(AbstractMessageParser.java:259)at org.apache.http.impl.DefaultBHttpClientConnection.receiveResponseHeader(DefaultBHttpClientConnection.java:163)at org.apache.http.impl.conn.CPoolProxy.receiveResponseHeader(CPoolProxy.java:165)at org.apache.http.protocol.HttpRequestExecutor.doReceiveResponse(HttpRequestExecutor.java:273)at org.apache.http.protocol.HttpRequestExecutor.execute(HttpRequestExecutor.java:125)at org.apache.http.impl.execchain.MainClientExec.execute(MainClientExec.java:272)at org.apache.http.impl.execchain.ProtocolExec.execute(ProtocolExec.java:185)at org.apache.http.impl.execchain.RetryExec.execute(RetryExec.java:89)at org.apache.http.impl.execchain.RedirectExec.execute(RedirectExec.java:111)at org.apache.http.impl.client.InternalHttpClient.doExecute(InternalHttpClient.java:185)at org.apache.http.impl.client.CloseableHttpClient.execute(CloseableHttpClient.java:72)at org.apache.http.impl.client.CloseableHttpClient.execute(CloseableHttpClient.java:56)at org.openqa.selenium.remote.internal.ApacheHttpClient.fallBackExecute(ApacheHttpClient.java:138)at org.openqa.selenium.remote.internal.ApacheHttpClient.execute(ApacheHttpClient.java:86)at org.openqa.selenium.remote.ProtocolHandshake.createSession(ProtocolHandshake.java:337)at org.openqa.selenium.remote.ProtocolHandshake.createSession(ProtocolHandshake.java:136)at org.openqa.selenium.remote.HttpCommandExecutor.execute(HttpCommandExecutor.java:142)at io.appium.java_client.remote.AppiumCommandExecutor.execute(AppiumCommandExecutor.java:89)... 39 more]]>
            </full-stacktrace>
          </exception> <!-- org.openqa.selenium.WebDriverException -->
          <reporter-output>
          </reporter-output>
        </test-method> <!-- setCapabilities -->
        <test-method status="SKIP" signature="quitDriver(org.testng.ITestResult, java.lang.String)[pri:0, instance:AppiumMaven.AppiumM.AppTest@5702b3b1]" name="quitDriver" is-config="true" duration-ms="0" started-at="2018-07-09T12:28:04Z" finished-at="2018-07-09T12:28:04Z">
          <reporter-output>
          </reporter-output>
        </test-method> <!-- quitDriver -->
        <test-method status="SKIP" signature="Test1(java.lang.String)[pri:0, instance:AppiumMaven.AppiumM.AppTest@5702b3b1]" name="Test1" duration-ms="0" started-at="2018-07-09T12:28:04Z" finished-at="2018-07-09T12:28:04Z">
          <exception class="org.openqa.selenium.WebDriverException">
            <message>
              <![CDATA[java.net.SocketException: Connection resetBuild info: version: '3.6.0', revision: '6fbf3ec767', time: '2017-09-27T15:28:36.4Z'System info: host: 'LAPTOP-D47N5MN1', ip: '127.0.0.1', os.name: 'Windows 10', os.arch: 'amd64', os.version: '10.0', java.version: '1.8.0_131'Driver info: driver.version: AndroidDriver]]>
            </message>
            <full-stacktrace>
              <![CDATA[org.openqa.selenium.WebDriverException: java.net.SocketException: Connection resetBuild info: version: '3.6.0', revision: '6fbf3ec767', time: '2017-09-27T15:28:36.4Z'System info: host: 'LAPTOP-D47N5MN1', ip: '127.0.0.1', os.name: 'Windows 10', os.arch: 'amd64', os.version: '10.0', java.version: '1.8.0_131'Driver info: driver.version: AndroidDriverat io.appium.java_client.remote.AppiumCommandExecutor.execute(AppiumCommandExecutor.java:104)at org.openqa.selenium.remote.RemoteWebDriver.execute(RemoteWebDriver.java:586)at io.appium.java_client.DefaultGenericMobileDriver.execute(DefaultGenericMobileDriver.java:42)at io.appium.java_client.AppiumDriver.execute(AppiumDriver.java:1)at io.appium.java_client.android.AndroidDriver.execute(AndroidDriver.java:1)at org.openqa.selenium.remote.RemoteWebDriver.startSession(RemoteWebDriver.java:217)at org.openqa.selenium.remote.RemoteWebDriver.<init>(RemoteWebDriver.java:140)at io.appium.java_client.DefaultGenericMobileDriver.<init>(DefaultGenericMobileDriver.java:38)at io.appium.java_client.AppiumDriver.<init>(AppiumDriver.java:83)at io.appium.java_client.AppiumDriver.<init>(AppiumDriver.java:93)at io.appium.java_client.android.AndroidDriver.<init>(AndroidDriver.java:72)at AppiumMaven.AppiumM.AppTest.setCapabilities(AppTest.java:72)at sun.reflect.NativeMethodAccessorImpl.invoke0(Native Method)at sun.reflect.NativeMethodAccessorImpl.invoke(NativeMethodAccessorImpl.java:62)at sun.reflect.DelegatingMethodAccessorImpl.invoke(DelegatingMethodAccessorImpl.java:43)at java.lang.reflect.Method.invoke(Method.java:498)at org.testng.internal.MethodInvocationHelper.invokeMethod(MethodInvocationHelper.java:124)at org.testng.internal.MethodInvocationHelper.invokeMethodConsideringTimeout(MethodInvocationHelper.java:59)at org.testng.internal.Invoker.invokeConfigurationMethod(Invoker.java:451)at org.testng.internal.Invoker.invokeConfigurations(Invoker.java:222)at org.testng.internal.Invoker.invokeMethod(Invoker.java:516)at org.testng.internal.Invoker.invokeTestMethod(Invoker.java:707)at org.testng.internal.Invoker.invokeTestMethods(Invoker.java:979)at org.testng.internal.TestMethodWorker.invokeTestMethods(TestMethodWorker.java:125)at org.testng.internal.TestMethodWorker.run(TestMethodWorker.java:109)at org.testng.TestRunner.privateRun(TestRunner.java:648)at org.testng.TestRunner.run(TestRunner.java:505)at org.testng.SuiteRunner.runTest(SuiteRunner.java:455)at org.testng.SuiteRunner.runSequentially(SuiteRunner.java:450)at org.testng.SuiteRunner.privateRun(SuiteRunner.java:415)at org.testng.SuiteRunner.run(SuiteRunner.java:364)at org.testng.SuiteRunnerWorker.runSuite(SuiteRunnerWorker.java:52)at org.testng.SuiteRunnerWorker.run(SuiteRunnerWorker.java:84)at org.testng.TestNG.runSuitesSequentially(TestNG.java:1187)at org.testng.TestNG.runSuitesLocally(TestNG.java:1116)at org.testng.TestNG.runSuites(TestNG.java:1028)at org.testng.TestNG.run(TestNG.java:996)at org.testng.remote.AbstractRemoteTestNG.run(AbstractRemoteTestNG.java:114)at org.testng.remote.RemoteTestNG.initAndRun(RemoteTestNG.java:251)at org.testng.remote.RemoteTestNG.main(RemoteTestNG.java:77)Caused by: java.net.SocketException: Connection resetat java.net.SocketInputStream.read(SocketInputStream.java:210)at java.net.SocketInputStream.read(SocketInputStream.java:141)at org.apache.http.impl.io.SessionInputBufferImpl.streamRead(SessionInputBufferImpl.java:137)at org.apache.http.impl.io.SessionInputBufferImpl.fillBuffer(SessionInputBufferImpl.java:153)at org.apache.http.impl.io.SessionInputBufferImpl.readLine(SessionInputBufferImpl.java:282)at org.apache.http.impl.conn.DefaultHttpResponseParser.parseHead(DefaultHttpResponseParser.java:138)at org.apache.http.impl.conn.DefaultHttpResponseParser.parseHead(DefaultHttpResponseParser.java:56)at org.apache.http.impl.io.AbstractMessageParser.parse(AbstractMessageParser.java:259)at org.apache.http.impl.DefaultBHttpClientConnection.receiveResponseHeader(DefaultBHttpClientConnection.java:163)at org.apache.http.impl.conn.CPoolProxy.receiveResponseHeader(CPoolProxy.java:165)at org.apache.http.protocol.HttpRequestExecutor.doReceiveResponse(HttpRequestExecutor.java:273)at org.apache.http.protocol.HttpRequestExecutor.execute(HttpRequestExecutor.java:125)at org.apache.http.impl.execchain.MainClientExec.execute(MainClientExec.java:272)at org.apache.http.impl.execchain.ProtocolExec.execute(ProtocolExec.java:185)at org.apache.http.impl.execchain.RetryExec.execute(RetryExec.java:89)at org.apache.http.impl.execchain.RedirectExec.execute(RedirectExec.java:111)at org.apache.http.impl.client.InternalHttpClient.doExecute(InternalHttpClient.java:185)at org.apache.http.impl.client.CloseableHttpClient.execute(CloseableHttpClient.java:72)at org.apache.http.impl.client.CloseableHttpClient.execute(CloseableHttpClient.java:56)at org.openqa.selenium.remote.internal.ApacheHttpClient.fallBackExecute(ApacheHttpClient.java:138)at org.openqa.selenium.remote.internal.ApacheHttpClient.execute(ApacheHttpClient.java:86)at org.openqa.selenium.remote.ProtocolHandshake.createSession(ProtocolHandshake.java:337)at org.openqa.selenium.remote.ProtocolHandshake.createSession(ProtocolHandshake.java:136)at org.openqa.selenium.remote.HttpCommandExecutor.execute(HttpCommandExecutor.java:142)at io.appium.java_client.remote.AppiumCommandExecutor.execute(AppiumCommandExecutor.java:89)... 39 more]]>
            </full-stacktrace>
          </exception> <!-- org.openqa.selenium.WebDriverException -->
          <reporter-output>
          </reporter-output>
        </test-method> <!-- Test1 -->
      </class> <!-- AppiumMaven.AppiumM.AppTest -->
    </test> <!-- Test2 -->
  </suite> <!-- Suite -->
</testng-results>
